#
# There is insufficient memory for the Java Runtime Environment to continue.
# Native memory allocation (mmap) failed to map 67108864 bytes. Error detail: G1 virtual space
# Possible reasons:
#   The system is out of physical RAM or swap space
#   This process is running with CompressedOops enabled, and the Java Heap may be blocking the growth of the native heap
# Possible solutions:
#   Reduce memory load on the system
#   Increase physical memory or swap space
#   Check if swap backing store is full
#   Decrease Java heap size (-Xmx/-Xms)
#   Decrease number of Java threads
#   Decrease Java thread stack sizes (-Xss)
#   Set larger code cache with -XX:ReservedCodeCacheSize=
#   JVM is running with Unscaled Compressed Oops mode in which the Java heap is
#     placed in the first 4GB address space. The Java Heap base address is the
#     maximum limit for the native heap growth. Please use -XX:HeapBaseMinAddress
#     to set the Java Heap base and to place the Java Heap above 4GB virtual address.
# This output file may be truncated or incomplete.
#
#  Out of Memory Error (os_windows.cpp:3679), pid=15084, tid=11096
#
# JRE version:  (17.0.13+11) (build )
# Java VM: OpenJDK 64-Bit Server VM (17.0.13+11-LTS, mixed mode, sharing, tiered, compressed oops, compressed class ptrs, g1 gc, windows-amd64)
# No core dump will be written. Minidumps are not enabled by default on client versions of Windows
#

---------------  S U M M A R Y ------------

Command Line: -Xmx64m -Xms64m -Dorg.gradle.appname=gradlew org.gradle.wrapper.GradleWrapperMain app:installDebug -PreactNativeDevServerPort=8081

Host: Intel(R) Core(TM) i5-8265U CPU @ 1.60GHz, 8 cores, 15G,  Windows 11 , 64 bit Build 22621 (10.0.22621.5124)
Time: Wed Jun 11 08:54:52 2025 W. Central Africa Standard Time elapsed time: 0.024226 seconds (0d 0h 0m 0s)

---------------  T H R E A D  ---------------

Current thread (0x0000019c9213b910):  JavaThread "Unknown thread" [_thread_in_vm, id=11096, stack(0x000000735c300000,0x000000735c400000)]

Stack: [0x000000735c300000,0x000000735c400000]
Native frames: (J=compiled Java code, j=interpreted, Vv=VM code, C=native code)
V  [jvm.dll+0x687fc9]
V  [jvm.dll+0x83eeb8]
V  [jvm.dll+0x840963]
V  [jvm.dll+0x840fd3]
V  [jvm.dll+0x24951f]
V  [jvm.dll+0x684f89]
V  [jvm.dll+0x6794aa]
V  [jvm.dll+0x30ad27]
V  [jvm.dll+0x312296]
V  [jvm.dll+0x362bde]
V  [jvm.dll+0x362e1d]
V  [jvm.dll+0x2e1fbc]
V  [jvm.dll+0x2e2ed4]
V  [jvm.dll+0x810dbb]
V  [jvm.dll+0x3708f1]
V  [jvm.dll+0x7ef8af]
V  [jvm.dll+0x3f70ef]
V  [jvm.dll+0x3f8c21]
C  [jli.dll+0x52a0]
C  [ucrtbase.dll+0x29333]
C  [KERNEL32.DLL+0x1259d]
C  [ntdll.dll+0x5af38]


---------------  P R O C E S S  ---------------

Threads class SMR info:
_java_thread_list=0x00007ffb7fb9df98, length=0, elements={
}

Java Threads: ( => current thread )

Other Threads:
  0x0000019c9215c8d0 GCTaskThread "GC Thread#0" [stack: 0x000000735c400000,0x000000735c500000] [id=768]
  0x0000019c9215e020 ConcurrentGCThread "G1 Main Marker" [stack: 0x000000735c500000,0x000000735c600000] [id=27656]
  0x0000019c9215fa50 ConcurrentGCThread "G1 Conc#0" [stack: 0x000000735c600000,0x000000735c700000] [id=7396]

[error occurred during error reporting (printing all threads), id 0xc0000005, EXCEPTION_ACCESS_VIOLATION (0xc0000005) at pc=0x00007ffb7f352b17]

VM state: not at safepoint (not fully initialized)

VM Mutex/Monitor currently owned by a thread:  ([mutex/lock_event])
[0x0000019c921384e0] Heap_lock - owner thread: 0x0000019c9213b910

Heap address: 0x00000000fc000000, size: 64 MB, Compressed Oops mode: 32-bit

CDS archive(s) mapped at: [0x0000000000000000-0x0000000000000000-0x0000000000000000), size 0, SharedBaseAddress: 0x0000000800000000, ArchiveRelocationMode: 1.
Narrow klass base: 0x0000000000000000, Narrow klass shift: 0, Narrow klass range: 0x0

GC Precious Log:
<Empty>

Heap:
 garbage-first heap   total 0K, used 0K [0x00000000fc000000, 0x0000000100000000)
  region size 1024K, 0 young (0K), 0 survivors (0K)

[error occurred during error reporting (printing heap information), id 0xc0000005, EXCEPTION_ACCESS_VIOLATION (0xc0000005) at pc=0x00007ffb7f741ba9]

GC Heap History (0 events):
No events

Dll operation events (1 events):
Event: 0.013 Loaded shared library C:\Program Files\Microsoft\jdk-17.0.13.11-hotspot\bin\java.dll

Deoptimization events (0 events):
No events

Classes loaded (0 events):
No events

Classes unloaded (0 events):
No events

Classes redefined (0 events):
No events

Internal exceptions (0 events):
No events

VM Operations (0 events):
No events

Memory protections (0 events):
No events

Nmethod flushes (0 events):
No events

Events (0 events):
No events


Dynamic libraries:
0x00007ff7fdf40000 - 0x00007ff7fdf4e000 	C:\Program Files\Microsoft\jdk-17.0.13.11-hotspot\bin\java.exe
0x00007ffbdb010000 - 0x00007ffbdb227000 	C:\Windows\SYSTEM32\ntdll.dll
0x00007ffbd8d60000 - 0x00007ffbd8e24000 	C:\Windows\System32\KERNEL32.DLL
0x00007ffbd8290000 - 0x00007ffbd8663000 	C:\Windows\System32\KERNELBASE.dll
0x00007ffbd8900000 - 0x00007ffbd8a11000 	C:\Windows\System32\ucrtbase.dll
0x00007ffbccc80000 - 0x00007ffbccc9d000 	C:\Program Files\Microsoft\jdk-17.0.13.11-hotspot\bin\VCRUNTIME140.dll
0x00007ffbcaee0000 - 0x00007ffbcaef7000 	C:\Program Files\Microsoft\jdk-17.0.13.11-hotspot\bin\jli.dll
0x00007ffbd8e30000 - 0x00007ffbd8fe1000 	C:\Windows\System32\USER32.dll
0x00007ffbc1560000 - 0x00007ffbc17f8000 	C:\Windows\WinSxS\amd64_microsoft.windows.common-controls_6595b64144ccf1df_6.0.22621.5124_none_270e8f4f7386d69d\COMCTL32.dll
0x00007ffbd8120000 - 0x00007ffbd8146000 	C:\Windows\System32\win32u.dll
0x00007ffbd9400000 - 0x00007ffbd94a7000 	C:\Windows\System32\msvcrt.dll
0x00007ffbd90f0000 - 0x00007ffbd9119000 	C:\Windows\System32\GDI32.dll
0x00007ffbd8b90000 - 0x00007ffbd8cab000 	C:\Windows\System32\gdi32full.dll
0x00007ffbd8670000 - 0x00007ffbd870a000 	C:\Windows\System32\msvcp_win.dll
0x00007ffbd92e0000 - 0x00007ffbd9311000 	C:\Windows\System32\IMM32.DLL
0x00007ffbd4340000 - 0x00007ffbd434c000 	C:\Program Files\Microsoft\jdk-17.0.13.11-hotspot\bin\vcruntime140_1.dll
0x00007ffbbcd60000 - 0x00007ffbbcded000 	C:\Program Files\Microsoft\jdk-17.0.13.11-hotspot\bin\msvcp140.dll
0x00007ffb7f060000 - 0x00007ffb7fcd1000 	C:\Program Files\Microsoft\jdk-17.0.13.11-hotspot\bin\server\jvm.dll
0x00007ffbd9340000 - 0x00007ffbd93f1000 	C:\Windows\System32\ADVAPI32.dll
0x00007ffbd9a80000 - 0x00007ffbd9b28000 	C:\Windows\System32\sechost.dll
0x00007ffbd88d0000 - 0x00007ffbd88f8000 	C:\Windows\System32\bcrypt.dll
0x00007ffbd9520000 - 0x00007ffbd9634000 	C:\Windows\System32\RPCRT4.dll
0x00007ffbda3e0000 - 0x00007ffbda451000 	C:\Windows\System32\WS2_32.dll
0x00007ffbd7ff0000 - 0x00007ffbd803d000 	C:\Windows\SYSTEM32\POWRPROF.dll
0x00007ffbd1bd0000 - 0x00007ffbd1c04000 	C:\Windows\SYSTEM32\WINMM.dll
0x00007ffbd31f0000 - 0x00007ffbd31fa000 	C:\Windows\SYSTEM32\VERSION.dll
0x00007ffbd7fd0000 - 0x00007ffbd7fe3000 	C:\Windows\SYSTEM32\UMPDC.dll
0x00007ffbd7110000 - 0x00007ffbd7128000 	C:\Windows\SYSTEM32\kernel.appcore.dll
0x00007ffbcde80000 - 0x00007ffbcde8a000 	C:\Program Files\Microsoft\jdk-17.0.13.11-hotspot\bin\jimage.dll
0x00007ffbd2e60000 - 0x00007ffbd3092000 	C:\Windows\SYSTEM32\DBGHELP.DLL
0x00007ffbd9650000 - 0x00007ffbd99e2000 	C:\Windows\System32\combase.dll
0x00007ffbdad90000 - 0x00007ffbdae67000 	C:\Windows\System32\OLEAUT32.dll
0x00007ffbad1a0000 - 0x00007ffbad1d2000 	C:\Windows\SYSTEM32\dbgcore.DLL
0x00007ffbd8150000 - 0x00007ffbd81cb000 	C:\Windows\System32\bcryptPrimitives.dll
0x00007ffbc0480000 - 0x00007ffbc04a5000 	C:\Program Files\Microsoft\jdk-17.0.13.11-hotspot\bin\java.dll

dbghelp: loaded successfully - version: 4.0.5 - missing functions: none
symbol engine: initialized successfully - sym options: 0x614 - pdb path: .;C:\Program Files\Microsoft\jdk-17.0.13.11-hotspot\bin;C:\Windows\SYSTEM32;C:\Windows\WinSxS\amd64_microsoft.windows.common-controls_6595b64144ccf1df_6.0.22621.5124_none_270e8f4f7386d69d;C:\Program Files\Microsoft\jdk-17.0.13.11-hotspot\bin\server

VM Arguments:
jvm_args: -Xmx64m -Xms64m -Dorg.gradle.appname=gradlew 
java_command: org.gradle.wrapper.GradleWrapperMain app:installDebug -PreactNativeDevServerPort=8081
java_class_path (initial): C:\CWP\telli\telli-mobileApp\android\\gradle\wrapper\gradle-wrapper.jar
Launcher Type: SUN_STANDARD

[Global flags]
     intx CICompilerCount                          = 4                                         {product} {ergonomic}
     uint ConcGCThreads                            = 2                                         {product} {ergonomic}
     uint G1ConcRefinementThreads                  = 8                                         {product} {ergonomic}
   size_t G1HeapRegionSize                         = 1048576                                   {product} {ergonomic}
    uintx GCDrainStackTargetSize                   = 64                                        {product} {ergonomic}
   size_t InitialHeapSize                          = 67108864                                  {product} {command line}
   size_t MarkStackSize                            = 4194304                                   {product} {ergonomic}
   size_t MaxHeapSize                              = 67108864                                  {product} {command line}
   size_t MinHeapDeltaBytes                        = 1048576                                   {product} {ergonomic}
   size_t MinHeapSize                              = 67108864                                  {product} {command line}
    uintx NonNMethodCodeHeapSize                   = 5839372                                {pd product} {ergonomic}
    uintx NonProfiledCodeHeapSize                  = 122909434                              {pd product} {ergonomic}
    uintx ProfiledCodeHeapSize                     = 122909434                              {pd product} {ergonomic}
    uintx ReservedCodeCacheSize                    = 251658240                              {pd product} {ergonomic}
     bool SegmentedCodeCache                       = true                                      {product} {ergonomic}
   size_t SoftMaxHeapSize                          = 67108864                               {manageable} {ergonomic}
     bool UseCompressedClassPointers               = true                           {product lp64_product} {ergonomic}
     bool UseCompressedOops                        = true                           {product lp64_product} {ergonomic}
     bool UseG1GC                                  = true                                      {product} {ergonomic}
     bool UseLargePagesIndividualAllocation        = false                                  {pd product} {ergonomic}

Logging:
Log output configuration:
 #0: stdout all=warning uptime,level,tags
 #1: stderr all=off uptime,level,tags

Environment Variables:
JAVA_HOME=C:\Program Files\Microsoft\jdk-17.0.13.11-hotspot\
CLASSPATH=C:\CWP\telli\telli-mobileApp\android\\gradle\wrapper\gradle-wrapper.jar
PATH=C:\CWP\telli\telli-mobileApp\node_modules\.bin;C:\CWP\telli\node_modules\.bin;C:\CWP\node_modules\.bin;C:\node_modules\.bin;C:\Program Files\nodejs\node_modules\npm\node_modules\@npmcli\run-script\lib\node-gyp-bin;C:\Python313\Scripts\;C:\Python313\;C:\Program Files\Microsoft\jdk-17.0.13.11-hotspot\bin;C:\Windows\system32;C:\Windows;C:\Windows\System32\Wbem;C:\Windows\System32\WindowsPowerShell\v1.0\;C:\Windows\System32\OpenSSH\;C:\ProgramData\chocolatey\bin;C:\Program Files\Git\cmd;C:\Program Files\nodejs\;C:\Users\Peterven\AppData\Local\Programs\Python\Python312\Scripts\;C:\Users\Peterven\AppData\Local\Programs\Python\Python312\;C:\Users\Peterven\AppData\Local\Microsoft\WindowsApps;C:\Users\Peterven\AppData\Local\Programs\Microsoft VS Code\bin;C:\Users\Peterven\AppData\Roaming\npm
USERNAME=Peterven
OS=Windows_NT
PROCESSOR_IDENTIFIER=Intel64 Family 6 Model 142 Stepping 12, GenuineIntel
TMP=C:\Users\Peterven\AppData\Local\Temp
TEMP=C:\Users\Peterven\AppData\Local\Temp



Periodic native trim disabled


---------------  S Y S T E M  ---------------

OS:
 Windows 11 , 64 bit Build 22621 (10.0.22621.5124)
OS uptime: 31 days 22:50 hours
Hyper-V role detected

CPU: total 8 (initial active 8) (4 cores per cpu, 2 threads per core) family 6 model 142 stepping 12 microcode 0xfe, cx8, cmov, fxsr, ht, mmx, 3dnowpref, sse, sse2, sse3, ssse3, sse4.1, sse4.2, popcnt, lzcnt, tsc, tscinvbit, avx, avx2, aes, erms, clmul, bmi1, bmi2, adx, fma, vzeroupper, clflush, clflushopt, hv
Processor Information for the first 8 processors :
  Max Mhz: 1800, Current Mhz: 1600, Mhz Limit: 1584

Memory: 4k page, system-wide physical 16259M (546M free)
TotalPageFile size 65411M (AvailPageFile size 11M)
current process WorkingSet (physical memory assigned to process): 11M, peak: 11M
current process commit charge ("private bytes"): 59M, peak: 123M

vm_info: OpenJDK 64-Bit Server VM (17.0.13+11-LTS) for windows-amd64 JRE (17.0.13+11-LTS), built on Oct 11 2024 23:25:05 by "MicrosoftCorporation" with unknown MS VC++:1939

END.
